<?xml version="1.0" encoding="UTF-8" ?>
<testsuite failures="0" time="0" errors="0" skipped="0" tests="4" name="TreeSetTest">
  <properties>
[...]
</properties>
  <testcase time="0" classname="TreeSetTest" name="should_not_change_key_when_change_the_element"/>
  <testcase time="0" classname="TreeSetTest" name="should_add_not_object_to_set"/>
  <testcase time="0" classname="TreeSetTest" name="should_get_lowest_higher_element"/>
  <testcase time="0" classname="TreeSetTest" name="should_get_greatest_lower_element"/>
</testsuite>